{"level":"debug","message":"listening on port 8080","timestamp":"2024-03-18T09:35:39.843Z"}
{"level":"debug","message":"listening on port 8080","timestamp":"2024-03-18T09:37:04.064Z"}
{"level":"debug","message":"listening on port 8080","timestamp":"2024-03-18T09:48:15.571Z"}
{"level":"debug","message":"listening on port 8080","timestamp":"2024-03-18T09:49:24.273Z"}
{"level":"debug","message":"listening on port 8080","timestamp":"2024-03-18T09:54:39.884Z"}
{"level":"debug","message":"listening on port 8080","timestamp":"2024-03-18T09:56:48.332Z"}
{"level":"debug","message":"listening on port 8080","timestamp":"2024-03-18T10:04:34.023Z"}
{"level":"debug","message":"user connected","timestamp":"2024-03-18T10:05:47.351Z"}
{"level":"debug","message":"initializing false","timestamp":"2024-03-18T10:05:47.534Z"}
{"level":"debug","message":"symbol x clicked","timestamp":"2024-03-18T10:05:49.484Z"}
{"level":"debug","message":"sending feedback","timestamp":"2024-03-18T10:05:49.496Z"}
{"level":"debug","message":{"x":1,"y":0},"timestamp":"2024-03-18T10:05:49.500Z"}
{"level":"debug","message":"symbol x clicked","timestamp":"2024-03-18T11:03:18.060Z"}
{"level":"debug","message":"sending feedback","timestamp":"2024-03-18T11:03:18.065Z"}
{"level":"debug","message":{"x":0,"y":0},"timestamp":"2024-03-18T11:03:18.072Z"}
{"level":"debug","message":"symbol x clicked","timestamp":"2024-03-18T11:03:20.179Z"}
{"level":"debug","message":"sending feedback","timestamp":"2024-03-18T11:03:20.181Z"}
{"level":"debug","message":{"x":0,"y":2},"timestamp":"2024-03-18T11:03:20.187Z"}
{"level":"debug","message":"symbol x clicked","timestamp":"2024-03-18T11:03:22.816Z"}
{"level":"debug","message":"sending feedback","timestamp":"2024-03-18T11:03:22.854Z"}
{"level":"debug","message":"Player one wins!","timestamp":"2024-03-18T11:03:22.879Z"}
{"level":"debug","message":"user connected","timestamp":"2024-03-18T11:03:27.477Z"}
{"level":"debug","message":"listening on port 8080","timestamp":"2024-03-18T11:03:52.062Z"}
{"level":"debug","message":"user connected","timestamp":"2024-03-18T11:03:52.135Z"}
{"level":"debug","message":"user connected","timestamp":"2024-03-18T11:03:55.458Z"}
{"level":"debug","message":"user connected","timestamp":"2024-03-18T11:04:17.496Z"}
{"level":"debug","message":"user connected","timestamp":"2024-03-18T11:04:21.410Z"}
{"level":"debug","message":"initializing false","timestamp":"2024-03-18T11:04:21.550Z"}
{"level":"debug","message":"symbol x clicked","timestamp":"2024-03-18T11:04:22.522Z"}
{"level":"debug","message":"sending feedback","timestamp":"2024-03-18T11:04:22.523Z"}
{"level":"debug","message":{"x":1,"y":1},"timestamp":"2024-03-18T11:04:22.569Z"}
{"level":"debug","message":"symbol x clicked","timestamp":"2024-03-18T11:04:25.075Z"}
{"level":"debug","message":"sending feedback","timestamp":"2024-03-18T11:04:25.076Z"}
{"level":"debug","message":{"x":0,"y":1},"timestamp":"2024-03-18T11:04:25.080Z"}
{"level":"debug","message":"symbol x clicked","timestamp":"2024-03-18T11:04:26.865Z"}
{"level":"debug","message":"sending feedback","timestamp":"2024-03-18T11:04:26.866Z"}
{"level":"debug","message":{"x":2,"y":0},"timestamp":"2024-03-18T11:04:26.869Z"}
{"level":"debug","message":"symbol x clicked","timestamp":"2024-03-18T11:04:27.972Z"}
{"level":"debug","message":"sending feedback","timestamp":"2024-03-18T11:04:27.974Z"}
{"level":"debug","message":{"x":0,"y":2},"timestamp":"2024-03-18T11:04:27.977Z"}
{"level":"debug","message":"Player two wins!","timestamp":"2024-03-18T11:04:27.978Z"}
{"level":"debug","message":"user connected","timestamp":"2024-03-18T11:04:32.512Z"}
{"level":"debug","message":"listening on port 8080","timestamp":"2024-03-18T11:04:57.149Z"}
{"level":"debug","message":"user connected","timestamp":"2024-03-18T11:04:57.301Z"}
{"level":"debug","message":"user connected","timestamp":"2024-03-18T11:05:03.290Z"}
{"level":"debug","message":"user connected","timestamp":"2024-03-18T11:05:05.741Z"}
{"level":"debug","message":"initializing false","timestamp":"2024-03-18T11:05:05.865Z"}
{"level":"debug","message":"symbol x clicked","timestamp":"2024-03-18T11:05:06.990Z"}
{"level":"debug","message":"sending feedback","timestamp":"2024-03-18T11:05:06.994Z"}
{"level":"debug","message":{"x":0,"y":0},"timestamp":"2024-03-18T11:05:07.059Z"}
{"level":"debug","message":"symbol x clicked","timestamp":"2024-03-18T11:05:08.386Z"}
{"level":"debug","message":"sending feedback","timestamp":"2024-03-18T11:05:08.388Z"}
{"level":"debug","message":{"x":2,"y":1},"timestamp":"2024-03-18T11:05:08.391Z"}
{"level":"debug","message":"symbol x clicked","timestamp":"2024-03-18T11:05:21.805Z"}
{"level":"debug","message":"sending feedback","timestamp":"2024-03-18T11:05:21.807Z"}
{"level":"debug","message":{"x":1,"y":2},"timestamp":"2024-03-18T11:05:21.812Z"}
{"level":"debug","message":"symbol x clicked","timestamp":"2024-03-18T11:05:23.217Z"}
{"level":"debug","message":"sending feedback","timestamp":"2024-03-18T11:05:23.220Z"}
{"level":"debug","message":{"x":2,"y":2},"timestamp":"2024-03-18T11:05:23.223Z"}
{"level":"debug","message":"symbol x clicked","timestamp":"2024-03-18T11:05:24.521Z"}
{"level":"debug","message":"sending feedback","timestamp":"2024-03-18T11:05:24.528Z"}
{"level":"debug","message":"Player one wins!","timestamp":"2024-03-18T11:05:24.532Z"}
{"level":"debug","message":"user connected","timestamp":"2024-03-18T11:05:29.100Z"}
{"level":"debug","message":"user connected","timestamp":"2024-03-18T11:11:06.173Z"}
{"level":"debug","message":"initializing false","timestamp":"2024-03-18T11:11:06.346Z"}
{"level":"debug","message":"symbol x clicked","timestamp":"2024-03-18T11:11:12.052Z"}
{"level":"debug","message":"sending feedback","timestamp":"2024-03-18T11:11:12.068Z"}
{"level":"debug","message":{"x":0,"y":2},"timestamp":"2024-03-18T11:11:12.070Z"}
{"level":"debug","message":"user connected","timestamp":"2024-03-18T11:22:15.046Z"}
{"level":"debug","message":"user connected","timestamp":"2024-03-18T11:22:18.266Z"}
{"level":"debug","message":"initializing false","timestamp":"2024-03-18T11:22:18.440Z"}
{"level":"debug","message":"symbol x clicked","timestamp":"2024-03-18T11:22:20.221Z"}
{"level":"debug","message":"sending feedback","timestamp":"2024-03-18T11:22:20.223Z"}
{"level":"debug","message":{"x":0,"y":0},"timestamp":"2024-03-18T11:22:20.240Z"}
{"level":"debug","message":"symbol x clicked","timestamp":"2024-03-18T11:22:27.038Z"}
{"level":"debug","message":"sending feedback","timestamp":"2024-03-18T11:22:27.040Z"}
{"level":"debug","message":{"x":0,"y":2},"timestamp":"2024-03-18T11:22:27.047Z"}
{"level":"debug","message":"symbol x clicked","timestamp":"2024-03-18T11:22:29.026Z"}
{"level":"debug","message":"sending feedback","timestamp":"2024-03-18T11:22:29.028Z"}
{"level":"debug","message":{"x":1,"y":1},"timestamp":"2024-03-18T11:22:29.034Z"}
{"level":"debug","message":"symbol x clicked","timestamp":"2024-03-18T11:22:43.076Z"}
{"level":"debug","message":"sending feedback","timestamp":"2024-03-18T11:22:43.080Z"}
{"level":"debug","message":{"x":2,"y":0},"timestamp":"2024-03-18T11:22:43.085Z"}
{"level":"debug","message":"Player two wins!","timestamp":"2024-03-18T11:22:43.087Z"}
{"level":"debug","message":"user connected","timestamp":"2024-03-18T11:22:47.676Z"}
{"level":"debug","message":"user connected","timestamp":"2024-03-18T11:22:50.313Z"}
{"level":"debug","message":"initializing false","timestamp":"2024-03-18T11:22:50.442Z"}
{"level":"debug","message":"symbol x clicked","timestamp":"2024-03-18T11:22:51.058Z"}
{"level":"debug","message":"sending feedback","timestamp":"2024-03-18T11:22:51.060Z"}
{"level":"debug","message":{"x":1,"y":0},"timestamp":"2024-03-18T11:22:51.065Z"}
{"level":"debug","message":"symbol x clicked","timestamp":"2024-03-18T11:22:53.476Z"}
{"level":"debug","message":"sending feedback","timestamp":"2024-03-18T11:22:53.478Z"}
{"level":"debug","message":{"x":0,"y":1},"timestamp":"2024-03-18T11:22:53.482Z"}
{"level":"debug","message":"symbol x clicked","timestamp":"2024-03-18T11:22:55.884Z"}
{"level":"debug","message":"sending feedback","timestamp":"2024-03-18T11:22:55.888Z"}
{"level":"debug","message":"Player one wins!","timestamp":"2024-03-18T11:22:55.891Z"}
{"level":"debug","message":"user connected","timestamp":"2024-03-18T11:23:00.350Z"}
{"level":"debug","message":"user connected","timestamp":"2024-03-18T11:30:57.472Z"}
{"level":"debug","message":"initializing false","timestamp":"2024-03-18T11:30:57.739Z"}
{"level":"debug","message":"symbol x clicked","timestamp":"2024-03-18T11:30:59.865Z"}
{"level":"debug","message":"sending feedback","timestamp":"2024-03-18T11:30:59.868Z"}
{"level":"debug","message":{"x":1,"y":1},"timestamp":"2024-03-18T11:30:59.888Z"}
{"level":"debug","message":"symbol x clicked","timestamp":"2024-03-18T11:31:01.444Z"}
{"level":"debug","message":"sending feedback","timestamp":"2024-03-18T11:31:01.446Z"}
{"level":"debug","message":{"x":0,"y":2},"timestamp":"2024-03-18T11:31:01.450Z"}
{"level":"debug","message":"symbol x clicked","timestamp":"2024-03-18T11:31:04.700Z"}
{"level":"debug","message":"sending feedback","timestamp":"2024-03-18T11:31:04.704Z"}
{"level":"debug","message":{"x":1,"y":0},"timestamp":"2024-03-18T11:31:04.708Z"}
{"level":"debug","message":"symbol x clicked","timestamp":"2024-03-18T11:31:06.533Z"}
{"level":"debug","message":"sending feedback","timestamp":"2024-03-18T11:31:06.534Z"}
{"level":"debug","message":{"x":2,"y":1},"timestamp":"2024-03-18T11:31:06.538Z"}
{"level":"debug","message":"symbol x clicked","timestamp":"2024-03-18T11:31:10.711Z"}
{"level":"debug","message":"sending feedback","timestamp":"2024-03-18T11:31:10.712Z"}
{"level":"debug","message":"Tie!","timestamp":"2024-03-18T11:31:10.716Z"}
{"level":"debug","message":"user connected","timestamp":"2024-03-18T11:31:15.463Z"}
{"level":"debug","message":"user connected","timestamp":"2024-03-18T11:34:40.110Z"}
{"level":"debug","message":"initializing false","timestamp":"2024-03-18T11:34:40.441Z"}
{"level":"debug","message":"symbol x clicked","timestamp":"2024-03-18T11:34:41.056Z"}
{"level":"debug","message":"sending feedback","timestamp":"2024-03-18T11:34:41.058Z"}
{"level":"debug","message":{"x":0,"y":0},"timestamp":"2024-03-18T11:34:41.078Z"}
{"level":"debug","message":"symbol x clicked","timestamp":"2024-03-18T11:34:42.293Z"}
{"level":"debug","message":"sending feedback","timestamp":"2024-03-18T11:34:42.302Z"}
{"level":"debug","message":{"x":2,"y":1},"timestamp":"2024-03-18T11:34:42.304Z"}
{"level":"debug","message":"symbol x clicked","timestamp":"2024-03-18T11:34:43.538Z"}
{"level":"debug","message":"sending feedback","timestamp":"2024-03-18T11:34:43.541Z"}
{"level":"debug","message":{"x":1,"y":2},"timestamp":"2024-03-18T11:34:43.544Z"}
{"level":"debug","message":"symbol x clicked","timestamp":"2024-03-18T11:34:45.123Z"}
{"level":"debug","message":"sending feedback","timestamp":"2024-03-18T11:34:45.124Z"}
{"level":"debug","message":{"x":0,"y":2},"timestamp":"2024-03-18T11:34:45.130Z"}
{"level":"debug","message":"symbol x clicked","timestamp":"2024-03-18T11:34:46.434Z"}
{"level":"debug","message":"sending feedback","timestamp":"2024-03-18T11:34:46.435Z"}
{"level":"debug","message":"Tie!","timestamp":"2024-03-18T11:34:46.438Z"}
{"level":"debug","message":"user connected","timestamp":"2024-03-18T11:34:50.861Z"}
{"level":"debug","message":"user connected","timestamp":"2024-03-18T11:34:52.486Z"}
{"level":"debug","message":"initializing false","timestamp":"2024-03-18T11:34:52.823Z"}
{"level":"debug","message":"symbol x clicked","timestamp":"2024-03-18T11:34:53.526Z"}
{"level":"debug","message":"sending feedback","timestamp":"2024-03-18T11:34:53.528Z"}
{"level":"debug","message":{"x":0,"y":0},"timestamp":"2024-03-18T11:34:53.542Z"}
{"level":"debug","message":"symbol x clicked","timestamp":"2024-03-18T11:34:54.991Z"}
{"level":"debug","message":"sending feedback","timestamp":"2024-03-18T11:34:54.994Z"}
{"level":"debug","message":{"x":2,"y":0},"timestamp":"2024-03-18T11:34:54.999Z"}
{"level":"debug","message":"symbol x clicked","timestamp":"2024-03-18T11:34:56.894Z"}
{"level":"debug","message":"sending feedback","timestamp":"2024-03-18T11:34:56.895Z"}
{"level":"debug","message":"Player one wins!","timestamp":"2024-03-18T11:34:56.900Z"}
{"level":"debug","message":"user connected","timestamp":"2024-03-18T11:35:01.454Z"}
{"level":"debug","message":"user connected","timestamp":"2024-03-18T11:58:24.538Z"}
{"level":"debug","message":"initializing false","timestamp":"2024-03-18T11:58:24.570Z"}
{"level":"debug","message":"symbol x clicked","timestamp":"2024-03-18T11:58:26.117Z"}
{"level":"debug","message":"sending feedback","timestamp":"2024-03-18T11:58:26.121Z"}
{"level":"debug","message":{"x":0,"y":0},"timestamp":"2024-03-18T11:58:26.137Z"}
{"level":"debug","message":"symbol x clicked","timestamp":"2024-03-18T11:58:28.277Z"}
{"level":"debug","message":"sending feedback","timestamp":"2024-03-18T11:58:28.278Z"}
{"level":"debug","message":{"x":2,"y":1},"timestamp":"2024-03-18T11:58:28.284Z"}
{"level":"debug","message":"symbol x clicked","timestamp":"2024-03-18T11:58:29.747Z"}
{"level":"debug","message":"sending feedback","timestamp":"2024-03-18T11:58:29.749Z"}
{"level":"debug","message":{"x":1,"y":2},"timestamp":"2024-03-18T11:58:29.752Z"}
{"level":"debug","message":"symbol x clicked","timestamp":"2024-03-18T11:58:31.953Z"}
{"level":"debug","message":"sending feedback","timestamp":"2024-03-18T11:58:31.959Z"}
{"level":"debug","message":{"x":2,"y":2},"timestamp":"2024-03-18T11:58:31.961Z"}
{"level":"debug","message":"symbol x clicked","timestamp":"2024-03-18T11:58:32.940Z"}
{"level":"debug","message":"sending feedback","timestamp":"2024-03-18T11:58:32.945Z"}
{"level":"debug","message":"Player one wins!","timestamp":"2024-03-18T11:58:32.949Z"}
{"level":"debug","message":"user connected","timestamp":"2024-03-18T11:58:37.178Z"}
{"level":"debug","message":"user connected","timestamp":"2024-03-18T11:58:40.894Z"}
{"level":"debug","message":"initializing false","timestamp":"2024-03-18T11:58:40.935Z"}
{"level":"debug","message":"symbol x clicked","timestamp":"2024-03-18T11:58:42.266Z"}
{"level":"debug","message":"sending feedback","timestamp":"2024-03-18T11:58:42.267Z"}
{"level":"debug","message":{"x":0,"y":0},"timestamp":"2024-03-18T11:58:42.283Z"}
{"level":"debug","message":"symbol x clicked","timestamp":"2024-03-18T11:58:43.600Z"}
{"level":"debug","message":"sending feedback","timestamp":"2024-03-18T11:58:43.601Z"}
{"level":"debug","message":{"x":1,"y":2},"timestamp":"2024-03-18T11:58:43.604Z"}
{"level":"debug","message":"symbol x clicked","timestamp":"2024-03-18T11:58:44.982Z"}
{"level":"debug","message":"sending feedback","timestamp":"2024-03-18T11:58:44.983Z"}
{"level":"debug","message":{"x":2,"y":1},"timestamp":"2024-03-18T11:58:44.988Z"}
{"level":"debug","message":"symbol x clicked","timestamp":"2024-03-18T11:58:47.389Z"}
{"level":"debug","message":"sending feedback","timestamp":"2024-03-18T11:58:47.390Z"}
{"level":"debug","message":{"x":0,"y":2},"timestamp":"2024-03-18T11:58:47.395Z"}
{"level":"debug","message":"symbol x clicked","timestamp":"2024-03-18T11:58:48.639Z"}
{"level":"debug","message":"sending feedback","timestamp":"2024-03-18T11:58:48.641Z"}
{"level":"debug","message":"Tie!","timestamp":"2024-03-18T11:58:48.643Z"}
{"level":"debug","message":"user connected","timestamp":"2024-03-18T11:58:53.137Z"}
{"level":"debug","message":"user connected","timestamp":"2024-03-18T12:14:07.762Z"}
{"level":"debug","message":"initializing false","timestamp":"2024-03-18T12:14:07.801Z"}
