{"level":"debug","message":"listening on port 8080","timestamp":"2024-04-11T06:27:47.955Z"}
{"level":"debug","message":"user connected","timestamp":"2024-04-11T06:27:53.819Z"}
{"level":"debug","message":"user connected","timestamp":"2024-04-11T06:27:56.774Z"}
{"level":"debug","message":"initializing false","timestamp":"2024-04-11T06:27:56.801Z"}
{"level":"debug","message":"symbol x clicked","timestamp":"2024-04-11T06:28:01.133Z"}
{"level":"debug","message":"sending feedback","timestamp":"2024-04-11T06:28:01.135Z"}
{"level":"debug","message":{"x":0,"y":0},"timestamp":"2024-04-11T06:28:01.204Z"}
{"level":"debug","message":"symbol x clicked","timestamp":"2024-04-11T06:28:02.131Z"}
{"level":"debug","message":"sending feedback","timestamp":"2024-04-11T06:28:02.132Z"}
{"level":"debug","message":{"x":2,"y":1},"timestamp":"2024-04-11T06:28:02.138Z"}
{"level":"debug","message":"symbol x clicked","timestamp":"2024-04-11T06:28:03.355Z"}
{"level":"debug","message":"sending feedback","timestamp":"2024-04-11T06:28:03.357Z"}
{"level":"debug","message":{"x":1,"y":2},"timestamp":"2024-04-11T06:28:03.360Z"}
{"level":"debug","message":"symbol x clicked","timestamp":"2024-04-11T06:28:04.749Z"}
{"level":"debug","message":"sending feedback","timestamp":"2024-04-11T06:28:04.754Z"}
{"level":"debug","message":{"x":2,"y":0},"timestamp":"2024-04-11T06:28:04.759Z"}
{"level":"debug","message":"symbol x clicked","timestamp":"2024-04-11T06:28:04.765Z"}
{"level":"debug","message":"symbol x clicked","timestamp":"2024-04-11T06:28:06.177Z"}
{"level":"debug","message":"sending feedback","timestamp":"2024-04-11T06:28:06.178Z"}
{"level":"debug","message":"Tie!","timestamp":"2024-04-11T06:28:06.181Z"}
{"level":"debug","message":"user connected","timestamp":"2024-04-11T06:28:10.346Z"}
{"level":"debug","message":"listening on port 8080","timestamp":"2024-04-11T06:32:18.485Z"}
{"level":"debug","message":"user connected","timestamp":"2024-04-11T06:32:18.695Z"}
{"level":"debug","message":"user connected","timestamp":"2024-04-11T06:32:33.671Z"}
{"level":"debug","message":"listening on port 8080","timestamp":"2024-04-11T06:33:35.115Z"}
{"level":"debug","message":"user connected","timestamp":"2024-04-11T06:33:44.065Z"}
{"level":"debug","message":"user connected","timestamp":"2024-04-11T06:33:46.837Z"}
{"level":"debug","message":"initializing false","timestamp":"2024-04-11T06:33:46.905Z"}
{"level":"debug","message":"symbol x clicked","timestamp":"2024-04-11T06:33:47.990Z"}
{"level":"debug","message":"sending feedback","timestamp":"2024-04-11T06:33:47.993Z"}
{"level":"debug","message":{"x":2,"y":1},"timestamp":"2024-04-11T06:33:47.997Z"}
{"level":"debug","message":"symbol x clicked","timestamp":"2024-04-11T06:33:49.112Z"}
{"level":"debug","message":"sending feedback","timestamp":"2024-04-11T06:33:49.114Z"}
{"level":"debug","message":{"x":2,"y":0},"timestamp":"2024-04-11T06:33:49.118Z"}
{"level":"debug","message":"symbol x clicked","timestamp":"2024-04-11T06:33:50.155Z"}
{"level":"debug","message":"sending feedback","timestamp":"2024-04-11T06:33:50.156Z"}
{"level":"debug","message":{"x":2,"y":2},"timestamp":"2024-04-11T06:33:50.159Z"}
{"level":"debug","message":"Player two Wins!","timestamp":"2024-04-11T06:33:50.161Z"}
{"level":"debug","message":"user connected","timestamp":"2024-04-11T06:33:54.467Z"}
{"level":"debug","message":"listening on port 8080","timestamp":"2024-04-11T06:34:20.318Z"}
{"level":"debug","message":"user connected","timestamp":"2024-04-11T06:34:20.445Z"}
{"level":"debug","message":"user connected","timestamp":"2024-04-11T06:34:27.571Z"}
{"level":"debug","message":"initializing false","timestamp":"2024-04-11T06:34:27.681Z"}
{"level":"debug","message":"symbol x clicked","timestamp":"2024-04-11T06:34:28.399Z"}
{"level":"debug","message":"sending feedback","timestamp":"2024-04-11T06:34:28.403Z"}
{"level":"debug","message":{"x":0,"y":0},"timestamp":"2024-04-11T06:34:28.461Z"}
{"level":"debug","message":"symbol x clicked","timestamp":"2024-04-11T06:34:29.364Z"}
{"level":"debug","message":"sending feedback","timestamp":"2024-04-11T06:34:29.365Z"}
{"level":"debug","message":{"x":2,"y":1},"timestamp":"2024-04-11T06:34:29.369Z"}
{"level":"debug","message":"symbol x clicked","timestamp":"2024-04-11T06:34:30.351Z"}
{"level":"debug","message":"sending feedback","timestamp":"2024-04-11T06:34:30.353Z"}
{"level":"debug","message":{"x":0,"y":2},"timestamp":"2024-04-11T06:34:30.355Z"}
{"level":"debug","message":"symbol x clicked","timestamp":"2024-04-11T06:34:31.324Z"}
{"level":"debug","message":"sending feedback","timestamp":"2024-04-11T06:34:31.325Z"}
{"level":"debug","message":"Player one wins!","timestamp":"2024-04-11T06:34:31.327Z"}
{"level":"debug","message":"user connected","timestamp":"2024-04-11T06:34:35.794Z"}
{"level":"debug","message":"listening on port 8080","timestamp":"2024-04-11T06:39:01.857Z"}
{"level":"debug","message":"user connected","timestamp":"2024-04-11T06:39:02.123Z"}
{"level":"debug","message":"user connected","timestamp":"2024-04-11T06:39:06.587Z"}
{"level":"debug","message":"initializing true","timestamp":"2024-04-11T06:39:06.649Z"}
{"level":"debug","message":"user connected","timestamp":"2024-04-11T06:39:10.800Z"}
{"level":"debug","message":"user connected","timestamp":"2024-04-11T06:39:15.544Z"}
{"level":"debug","message":"initializing true","timestamp":"2024-04-11T06:39:15.586Z"}
{"level":"debug","message":"symbol x clicked","timestamp":"2024-04-11T06:39:17.718Z"}
{"level":"debug","message":"sending feedback","timestamp":"2024-04-11T06:39:17.720Z"}
{"level":"debug","message":"symbol o clicked","timestamp":"2024-04-11T06:39:20.062Z"}
{"level":"debug","message":"sending feedback","timestamp":"2024-04-11T06:39:20.064Z"}
{"level":"debug","message":"symbol x clicked","timestamp":"2024-04-11T06:39:24.082Z"}
{"level":"debug","message":"sending feedback","timestamp":"2024-04-11T06:39:24.084Z"}
{"level":"debug","message":"symbol o clicked","timestamp":"2024-04-11T06:39:27.628Z"}
{"level":"debug","message":"sending feedback","timestamp":"2024-04-11T06:39:27.629Z"}
{"level":"debug","message":"symbol x clicked","timestamp":"2024-04-11T06:39:29.984Z"}
{"level":"debug","message":"sending feedback","timestamp":"2024-04-11T06:39:29.989Z"}
{"level":"debug","message":"Player one wins!","timestamp":"2024-04-11T06:39:29.991Z"}
{"level":"debug","message":"user connected","timestamp":"2024-04-11T06:39:34.183Z"}
{"level":"debug","message":"user connected","timestamp":"2024-04-11T06:39:34.694Z"}
{"level":"debug","message":"user connected","timestamp":"2024-04-11T06:39:40.533Z"}
{"level":"debug","message":"initializing true","timestamp":"2024-04-11T06:39:40.564Z"}
{"level":"debug","message":"user connected","timestamp":"2024-04-11T06:39:43.930Z"}
{"level":"debug","message":"initializing true","timestamp":"2024-04-11T06:39:44.001Z"}
{"level":"debug","message":"symbol x clicked","timestamp":"2024-04-11T06:39:47.313Z"}
{"level":"debug","message":"sending feedback","timestamp":"2024-04-11T06:39:47.314Z"}
{"level":"debug","message":"symbol o clicked","timestamp":"2024-04-11T06:39:53.837Z"}
{"level":"debug","message":"sending feedback","timestamp":"2024-04-11T06:39:53.839Z"}
{"level":"debug","message":"symbol x clicked","timestamp":"2024-04-11T06:39:57.700Z"}
{"level":"debug","message":"sending feedback","timestamp":"2024-04-11T06:39:57.704Z"}
{"level":"debug","message":"symbol o clicked","timestamp":"2024-04-11T06:40:01.752Z"}
{"level":"debug","message":"sending feedback","timestamp":"2024-04-11T06:40:01.758Z"}
{"level":"debug","message":"symbol x clicked","timestamp":"2024-04-11T06:40:04.968Z"}
{"level":"debug","message":"sending feedback","timestamp":"2024-04-11T06:40:04.971Z"}
{"level":"debug","message":"symbol o clicked","timestamp":"2024-04-11T06:40:07.786Z"}
{"level":"debug","message":"sending feedback","timestamp":"2024-04-11T06:40:07.788Z"}
{"level":"debug","message":"Player two Wins!","timestamp":"2024-04-11T06:40:07.790Z"}
{"level":"debug","message":"user connected","timestamp":"2024-04-11T06:40:12.464Z"}
{"level":"debug","message":"user connected","timestamp":"2024-04-11T06:40:12.561Z"}
{"level":"debug","message":"user connected","timestamp":"2024-04-11T06:40:23.481Z"}
{"level":"debug","message":"initializing true","timestamp":"2024-04-11T06:40:23.548Z"}
{"level":"debug","message":"user connected","timestamp":"2024-04-11T06:40:26.163Z"}
{"level":"debug","message":"initializing true","timestamp":"2024-04-11T06:40:26.226Z"}
{"level":"debug","message":"symbol o clicked","timestamp":"2024-04-11T06:40:27.195Z"}
{"level":"debug","message":"sending feedback","timestamp":"2024-04-11T06:40:27.203Z"}
{"level":"debug","message":"symbol x clicked","timestamp":"2024-04-11T06:40:30.312Z"}
{"level":"debug","message":"sending feedback","timestamp":"2024-04-11T06:40:30.314Z"}
{"level":"debug","message":"symbol o clicked","timestamp":"2024-04-11T06:40:33.735Z"}
{"level":"debug","message":"sending feedback","timestamp":"2024-04-11T06:40:33.735Z"}
{"level":"debug","message":"symbol x clicked","timestamp":"2024-04-11T06:40:37.521Z"}
{"level":"debug","message":"sending feedback","timestamp":"2024-04-11T06:40:37.523Z"}
{"level":"debug","message":"symbol o clicked","timestamp":"2024-04-11T06:40:40.569Z"}
{"level":"debug","message":"sending feedback","timestamp":"2024-04-11T06:40:40.571Z"}
{"level":"debug","message":"Player two Wins!","timestamp":"2024-04-11T06:40:40.573Z"}
{"level":"debug","message":"user connected","timestamp":"2024-04-11T06:40:45.238Z"}
{"level":"debug","message":"user connected","timestamp":"2024-04-11T06:40:45.279Z"}
{"level":"debug","message":"user connected","timestamp":"2024-04-11T06:42:27.788Z"}
{"level":"debug","message":"initializing true","timestamp":"2024-04-11T06:42:27.854Z"}
{"level":"debug","message":"user connected","timestamp":"2024-04-11T06:42:30.412Z"}
{"level":"debug","message":"initializing true","timestamp":"2024-04-11T06:42:30.478Z"}
{"level":"debug","message":"symbol x clicked","timestamp":"2024-04-11T06:42:33.148Z"}
{"level":"debug","message":"sending feedback","timestamp":"2024-04-11T06:42:33.151Z"}
{"level":"debug","message":"symbol o clicked","timestamp":"2024-04-11T06:42:37.969Z"}
{"level":"debug","message":"sending feedback","timestamp":"2024-04-11T06:42:37.970Z"}
{"level":"debug","message":"symbol x clicked","timestamp":"2024-04-11T06:42:41.395Z"}
{"level":"debug","message":"sending feedback","timestamp":"2024-04-11T06:42:41.395Z"}
{"level":"debug","message":"symbol o clicked","timestamp":"2024-04-11T06:42:44.905Z"}
{"level":"debug","message":"sending feedback","timestamp":"2024-04-11T06:42:44.906Z"}
{"level":"debug","message":"symbol x clicked","timestamp":"2024-04-11T06:42:46.974Z"}
{"level":"debug","message":"sending feedback","timestamp":"2024-04-11T06:42:46.975Z"}
{"level":"debug","message":"symbol o clicked","timestamp":"2024-04-11T06:42:50.658Z"}
{"level":"debug","message":"sending feedback","timestamp":"2024-04-11T06:42:50.659Z"}
{"level":"debug","message":"symbol x clicked","timestamp":"2024-04-11T06:42:55.346Z"}
{"level":"debug","message":"sending feedback","timestamp":"2024-04-11T06:42:55.350Z"}
{"level":"debug","message":"Player one wins!","timestamp":"2024-04-11T06:42:55.353Z"}
{"level":"debug","message":"user connected","timestamp":"2024-04-11T06:42:59.978Z"}
{"level":"debug","message":"user connected","timestamp":"2024-04-11T06:43:00.132Z"}
{"level":"debug","message":"user connected","timestamp":"2024-04-11T06:43:03.366Z"}
{"level":"debug","message":"initializing false","timestamp":"2024-04-11T06:43:03.424Z"}
{"level":"debug","message":"symbol x clicked","timestamp":"2024-04-11T06:43:04.488Z"}
{"level":"debug","message":"sending feedback","timestamp":"2024-04-11T06:43:04.490Z"}
{"level":"debug","message":{"x":0,"y":0},"timestamp":"2024-04-11T06:43:04.540Z"}
{"level":"debug","message":"user connected","timestamp":"2024-04-11T06:43:14.903Z"}
{"level":"debug","message":"initializing true","timestamp":"2024-04-11T06:43:14.994Z"}
{"level":"debug","message":"user connected","timestamp":"2024-04-11T06:43:18.698Z"}
{"level":"debug","message":"initializing true","timestamp":"2024-04-11T06:43:18.788Z"}
{"level":"debug","message":"listening on port 8080","timestamp":"2024-04-11T06:43:26.577Z"}
{"level":"debug","message":"user connected","timestamp":"2024-04-11T06:43:26.751Z"}
{"level":"debug","message":"initializing true","timestamp":"2024-04-11T06:43:26.788Z"}
{"level":"debug","message":"user connected","timestamp":"2024-04-11T06:43:26.828Z"}
{"level":"debug","message":"initializing true","timestamp":"2024-04-11T06:43:27.021Z"}
{"level":"debug","message":"user connected","timestamp":"2024-04-11T06:43:36.108Z"}
{"level":"debug","message":"user connected","timestamp":"2024-04-11T06:43:39.963Z"}
{"level":"debug","message":"initializing true","timestamp":"2024-04-11T06:43:40.038Z"}
{"level":"debug","message":"listening on port 8080","timestamp":"2024-04-11T06:43:57.572Z"}
{"level":"debug","message":"user connected","timestamp":"2024-04-11T06:43:58.111Z"}
{"level":"debug","message":"user connected","timestamp":"2024-04-11T06:44:01.036Z"}
{"level":"debug","message":"initializing true","timestamp":"2024-04-11T06:44:01.104Z"}
{"level":"debug","message":"user connected","timestamp":"2024-04-11T06:44:06.039Z"}
{"level":"debug","message":"initializing true","timestamp":"2024-04-11T06:44:06.101Z"}
{"level":"debug","message":"symbol x clicked","timestamp":"2024-04-11T06:44:08.452Z"}
{"level":"debug","message":"sending feedback","timestamp":"2024-04-11T06:44:08.456Z"}
{"level":"debug","message":"symbol o clicked","timestamp":"2024-04-11T06:44:11.200Z"}
{"level":"debug","message":"sending feedback","timestamp":"2024-04-11T06:44:11.207Z"}
{"level":"debug","message":"symbol x clicked","timestamp":"2024-04-11T06:44:14.035Z"}
{"level":"debug","message":"sending feedback","timestamp":"2024-04-11T06:44:14.036Z"}
{"level":"debug","message":"symbol o clicked","timestamp":"2024-04-11T06:44:16.979Z"}
{"level":"debug","message":"sending feedback","timestamp":"2024-04-11T06:44:16.981Z"}
{"level":"debug","message":"symbol x clicked","timestamp":"2024-04-11T06:44:19.165Z"}
{"level":"debug","message":"sending feedback","timestamp":"2024-04-11T06:44:19.166Z"}
{"level":"debug","message":"symbol o clicked","timestamp":"2024-04-11T06:44:23.275Z"}
{"level":"debug","message":"sending feedback","timestamp":"2024-04-11T06:44:23.276Z"}
{"level":"debug","message":"Player two Wins!","timestamp":"2024-04-11T06:44:23.279Z"}
{"level":"debug","message":"user connected","timestamp":"2024-04-11T06:44:27.767Z"}
{"level":"debug","message":"user connected","timestamp":"2024-04-11T06:44:27.858Z"}
{"level":"debug","message":"user connected","timestamp":"2024-04-11T06:44:39.126Z"}
{"level":"debug","message":"initializing true","timestamp":"2024-04-11T06:44:39.198Z"}
{"level":"debug","message":"user connected","timestamp":"2024-04-11T06:44:41.692Z"}
{"level":"debug","message":"initializing true","timestamp":"2024-04-11T06:44:41.752Z"}
{"level":"debug","message":"symbol o clicked","timestamp":"2024-04-11T06:44:42.793Z"}
{"level":"debug","message":"sending feedback","timestamp":"2024-04-11T06:44:42.795Z"}
{"level":"debug","message":"symbol x clicked","timestamp":"2024-04-11T06:44:45.212Z"}
{"level":"debug","message":"sending feedback","timestamp":"2024-04-11T06:44:45.213Z"}
{"level":"debug","message":"symbol o clicked","timestamp":"2024-04-11T06:44:47.648Z"}
{"level":"debug","message":"sending feedback","timestamp":"2024-04-11T06:44:47.654Z"}
{"level":"debug","message":"symbol x clicked","timestamp":"2024-04-11T06:44:49.862Z"}
{"level":"debug","message":"sending feedback","timestamp":"2024-04-11T06:44:49.863Z"}
{"level":"debug","message":"symbol o clicked","timestamp":"2024-04-11T06:44:53.251Z"}
{"level":"debug","message":"sending feedback","timestamp":"2024-04-11T06:44:53.252Z"}
{"level":"debug","message":"Player two Wins!","timestamp":"2024-04-11T06:44:53.255Z"}
{"level":"debug","message":"user connected","timestamp":"2024-04-11T06:44:57.935Z"}
{"level":"debug","message":"user connected","timestamp":"2024-04-11T06:44:58.123Z"}
{"level":"debug","message":"listening on port 8080","timestamp":"2024-04-11T07:34:47.328Z"}
{"level":"debug","message":"user connected","timestamp":"2024-04-11T07:34:47.518Z"}
{"level":"debug","message":"user connected","timestamp":"2024-04-11T07:34:47.533Z"}
{"level":"debug","message":"user connected","timestamp":"2024-04-11T07:34:56.672Z"}
{"level":"debug","message":"initializing false","timestamp":"2024-04-11T07:34:56.752Z"}
{"level":"debug","message":"symbol x clicked","timestamp":"2024-04-11T07:35:02.186Z"}
{"level":"debug","message":"sending feedback","timestamp":"2024-04-11T07:35:02.187Z"}
{"level":"debug","message":{"x":0,"y":0},"timestamp":"2024-04-11T07:35:02.243Z"}
{"level":"debug","message":"symbol x clicked","timestamp":"2024-04-11T07:35:04.140Z"}
{"level":"debug","message":"sending feedback","timestamp":"2024-04-11T07:35:04.141Z"}
{"level":"debug","message":{"x":2,"y":1},"timestamp":"2024-04-11T07:35:04.147Z"}
{"level":"debug","message":"symbol x clicked","timestamp":"2024-04-11T07:35:05.349Z"}
{"level":"debug","message":"sending feedback","timestamp":"2024-04-11T07:35:05.351Z"}
{"level":"debug","message":{"x":1,"y":2},"timestamp":"2024-04-11T07:35:05.356Z"}
{"level":"debug","message":"symbol x clicked","timestamp":"2024-04-11T07:35:06.457Z"}
{"level":"debug","message":"sending feedback","timestamp":"2024-04-11T07:35:06.458Z"}
{"level":"debug","message":{"x":2,"y":0},"timestamp":"2024-04-11T07:35:06.462Z"}
{"level":"debug","message":"symbol x clicked","timestamp":"2024-04-11T07:35:07.759Z"}
{"level":"debug","message":"sending feedback","timestamp":"2024-04-11T07:35:07.760Z"}
{"level":"debug","message":"Tie!","timestamp":"2024-04-11T07:35:07.764Z"}
{"level":"debug","message":"user connected","timestamp":"2024-04-11T07:35:12.126Z"}
{"level":"debug","message":"listening on port 8080","timestamp":"2024-04-11T07:44:28.384Z"}
{"level":"debug","message":"user connected","timestamp":"2024-04-11T07:44:28.536Z"}
{"level":"debug","message":"listening on port 8080","timestamp":"2024-04-11T07:44:47.508Z"}
{"level":"debug","message":"user connected","timestamp":"2024-04-11T07:44:47.733Z"}
{"level":"debug","message":"user connected","timestamp":"2024-04-11T07:44:48.372Z"}
{"level":"debug","message":"user connected","timestamp":"2024-04-11T07:45:01.805Z"}
{"level":"debug","message":"initializing false","timestamp":"2024-04-11T07:45:01.881Z"}
{"level":"debug","message":"symbol x clicked","timestamp":"2024-04-11T07:45:03.375Z"}
{"level":"debug","message":"sending feedback","timestamp":"2024-04-11T07:45:03.377Z"}
{"level":"debug","message":{"x":0,"y":0},"timestamp":"2024-04-11T07:45:03.459Z"}
{"level":"debug","message":"symbol x clicked","timestamp":"2024-04-11T07:45:04.505Z"}
{"level":"debug","message":"sending feedback","timestamp":"2024-04-11T07:45:04.506Z"}
{"level":"debug","message":{"x":2,"y":1},"timestamp":"2024-04-11T07:45:04.509Z"}
{"level":"debug","message":"symbol x clicked","timestamp":"2024-04-11T07:45:05.600Z"}
{"level":"debug","message":"sending feedback","timestamp":"2024-04-11T07:45:05.601Z"}
{"level":"debug","message":{"x":1,"y":2},"timestamp":"2024-04-11T07:45:05.605Z"}
{"level":"debug","message":"symbol x clicked","timestamp":"2024-04-11T07:45:06.604Z"}
{"level":"debug","message":"sending feedback","timestamp":"2024-04-11T07:45:06.607Z"}
{"level":"debug","message":{"x":2,"y":0},"timestamp":"2024-04-11T07:45:06.609Z"}
{"level":"debug","message":"symbol x clicked","timestamp":"2024-04-11T07:45:07.765Z"}
{"level":"debug","message":"sending feedback","timestamp":"2024-04-11T07:45:07.766Z"}
{"level":"debug","message":"Tie!","timestamp":"2024-04-11T07:45:07.768Z"}
{"level":"debug","message":"user connected","timestamp":"2024-04-11T07:45:12.388Z"}
{"level":"debug","message":"listening on port 8080","timestamp":"2024-04-11T07:47:18.133Z"}
{"level":"debug","message":"user connected","timestamp":"2024-04-11T07:47:18.253Z"}
{"level":"debug","message":"user connected","timestamp":"2024-04-11T07:47:18.268Z"}
{"level":"debug","message":"user connected","timestamp":"2024-04-11T07:47:24.401Z"}
{"level":"debug","message":"user connected","timestamp":"2024-04-11T07:47:26.016Z"}
{"level":"debug","message":"initializing false","timestamp":"2024-04-11T07:47:26.083Z"}
{"level":"debug","message":"symbol x clicked","timestamp":"2024-04-11T07:47:27.283Z"}
{"level":"debug","message":"sending feedback","timestamp":"2024-04-11T07:47:27.285Z"}
{"level":"debug","message":{"x":0,"y":0},"timestamp":"2024-04-11T07:47:27.352Z"}
{"level":"debug","message":"symbol x clicked","timestamp":"2024-04-11T07:47:28.288Z"}
{"level":"debug","message":"sending feedback","timestamp":"2024-04-11T07:47:28.290Z"}
{"level":"debug","message":{"x":2,"y":1},"timestamp":"2024-04-11T07:47:28.293Z"}
{"level":"debug","message":"symbol x clicked","timestamp":"2024-04-11T07:47:29.293Z"}
{"level":"debug","message":"sending feedback","timestamp":"2024-04-11T07:47:29.297Z"}
{"level":"debug","message":{"x":1,"y":2},"timestamp":"2024-04-11T07:47:29.302Z"}
{"level":"debug","message":"symbol x clicked","timestamp":"2024-04-11T07:47:30.697Z"}
{"level":"debug","message":"sending feedback","timestamp":"2024-04-11T07:47:30.700Z"}
{"level":"debug","message":{"x":2,"y":0},"timestamp":"2024-04-11T07:47:30.702Z"}
{"level":"debug","message":"symbol x clicked","timestamp":"2024-04-11T07:47:32.055Z"}
{"level":"debug","message":"sending feedback","timestamp":"2024-04-11T07:47:32.056Z"}
{"level":"debug","message":"Tie!","timestamp":"2024-04-11T07:47:32.057Z"}
{"level":"debug","message":"user connected","timestamp":"2024-04-11T07:47:36.763Z"}
{"level":"debug","message":"listening on port 8080","timestamp":"2024-04-11T08:01:46.154Z"}
{"level":"debug","message":"user connected","timestamp":"2024-04-11T08:01:46.227Z"}
{"level":"debug","message":"user connected","timestamp":"2024-04-11T08:01:46.246Z"}
{"level":"debug","message":"user connected","timestamp":"2024-04-11T08:02:05.842Z"}
{"level":"debug","message":"user connected","timestamp":"2024-04-11T08:02:08.363Z"}
{"level":"debug","message":"initializing false","timestamp":"2024-04-11T08:02:08.434Z"}
{"level":"debug","message":"symbol x clicked","timestamp":"2024-04-11T08:02:09.701Z"}
{"level":"debug","message":"sending feedback","timestamp":"2024-04-11T08:02:09.702Z"}
{"level":"debug","message":{"x":0,"y":0},"timestamp":"2024-04-11T08:02:09.760Z"}
{"level":"debug","message":"symbol x clicked","timestamp":"2024-04-11T08:02:10.514Z"}
{"level":"debug","message":"sending feedback","timestamp":"2024-04-11T08:02:10.516Z"}
{"level":"debug","message":{"x":2,"y":1},"timestamp":"2024-04-11T08:02:10.520Z"}
{"level":"debug","message":"symbol x clicked","timestamp":"2024-04-11T08:02:12.003Z"}
{"level":"debug","message":"sending feedback","timestamp":"2024-04-11T08:02:12.005Z"}
{"level":"debug","message":{"x":1,"y":2},"timestamp":"2024-04-11T08:02:12.009Z"}
{"level":"debug","message":"symbol x clicked","timestamp":"2024-04-11T08:02:13.009Z"}
{"level":"debug","message":"sending feedback","timestamp":"2024-04-11T08:02:13.016Z"}
{"level":"debug","message":{"x":2,"y":0},"timestamp":"2024-04-11T08:02:13.018Z"}
{"level":"debug","message":"symbol x clicked","timestamp":"2024-04-11T08:02:14.011Z"}
{"level":"debug","message":"sending feedback","timestamp":"2024-04-11T08:02:14.012Z"}
{"level":"debug","message":"Tie!","timestamp":"2024-04-11T08:02:14.015Z"}
{"level":"debug","message":"user connected","timestamp":"2024-04-11T08:02:18.433Z"}
{"level":"debug","message":"user connected","timestamp":"2024-04-11T08:02:20.216Z"}
{"level":"debug","message":"initializing false","timestamp":"2024-04-11T08:02:20.270Z"}
{"level":"debug","message":"symbol x clicked","timestamp":"2024-04-11T08:02:21.126Z"}
{"level":"debug","message":"sending feedback","timestamp":"2024-04-11T08:02:21.127Z"}
{"level":"debug","message":{"x":0,"y":0},"timestamp":"2024-04-11T08:02:21.142Z"}
{"level":"debug","message":"symbol x clicked","timestamp":"2024-04-11T08:02:21.959Z"}
{"level":"debug","message":"sending feedback","timestamp":"2024-04-11T08:02:21.960Z"}
{"level":"debug","message":{"x":2,"y":1},"timestamp":"2024-04-11T08:02:21.966Z"}
{"level":"debug","message":"symbol x clicked","timestamp":"2024-04-11T08:02:22.999Z"}
{"level":"debug","message":"sending feedback","timestamp":"2024-04-11T08:02:23.000Z"}
{"level":"debug","message":{"x":1,"y":2},"timestamp":"2024-04-11T08:02:23.003Z"}
{"level":"debug","message":"symbol x clicked","timestamp":"2024-04-11T08:02:24.008Z"}
{"level":"debug","message":"sending feedback","timestamp":"2024-04-11T08:02:24.009Z"}
{"level":"debug","message":{"x":2,"y":0},"timestamp":"2024-04-11T08:02:24.014Z"}
{"level":"debug","message":"symbol x clicked","timestamp":"2024-04-11T08:02:25.179Z"}
{"level":"debug","message":"sending feedback","timestamp":"2024-04-11T08:02:25.180Z"}
{"level":"debug","message":"Tie!","timestamp":"2024-04-11T08:02:25.184Z"}
{"level":"debug","message":"user connected","timestamp":"2024-04-11T08:02:29.596Z"}
{"level":"debug","message":"listening on port 8080","timestamp":"2024-04-11T08:05:10.961Z"}
{"level":"debug","message":"user connected","timestamp":"2024-04-11T08:05:11.218Z"}
{"level":"debug","message":"user connected","timestamp":"2024-04-11T08:05:11.224Z"}
{"level":"debug","message":"user connected","timestamp":"2024-04-11T08:05:19.685Z"}
{"level":"debug","message":"user connected","timestamp":"2024-04-11T08:05:21.534Z"}
{"level":"debug","message":"initializing false","timestamp":"2024-04-11T08:05:21.588Z"}
{"level":"debug","message":"symbol x clicked","timestamp":"2024-04-11T08:05:22.452Z"}
{"level":"debug","message":"sending feedback","timestamp":"2024-04-11T08:05:22.454Z"}
{"level":"debug","message":{"x":0,"y":0},"timestamp":"2024-04-11T08:05:22.516Z"}
{"level":"debug","message":"symbol x clicked","timestamp":"2024-04-11T08:05:23.487Z"}
{"level":"debug","message":"sending feedback","timestamp":"2024-04-11T08:05:23.489Z"}
{"level":"debug","message":{"x":0,"y":2},"timestamp":"2024-04-11T08:05:23.493Z"}
{"level":"debug","message":"symbol x clicked","timestamp":"2024-04-11T08:05:26.129Z"}
{"level":"debug","message":"sending feedback","timestamp":"2024-04-11T08:05:26.135Z"}
{"level":"debug","message":"Player one wins!","timestamp":"2024-04-11T08:05:26.138Z"}
{"level":"debug","message":"user connected","timestamp":"2024-04-11T08:05:30.721Z"}
{"level":"debug","message":"user connected","timestamp":"2024-04-11T08:05:33.044Z"}
{"level":"debug","message":"initializing false","timestamp":"2024-04-11T08:05:33.087Z"}
{"level":"debug","message":"symbol x clicked","timestamp":"2024-04-11T08:05:33.859Z"}
{"level":"debug","message":"sending feedback","timestamp":"2024-04-11T08:05:33.860Z"}
{"level":"debug","message":{"x":0,"y":2},"timestamp":"2024-04-11T08:05:33.866Z"}
{"level":"debug","message":"symbol x clicked","timestamp":"2024-04-11T08:05:34.778Z"}
{"level":"debug","message":"sending feedback","timestamp":"2024-04-11T08:05:34.779Z"}
{"level":"debug","message":{"x":1,"y":0},"timestamp":"2024-04-11T08:05:34.783Z"}
{"level":"debug","message":"symbol x clicked","timestamp":"2024-04-11T08:05:35.746Z"}
{"level":"debug","message":"sending feedback","timestamp":"2024-04-11T08:05:35.747Z"}
{"level":"debug","message":{"x":2,"y":1},"timestamp":"2024-04-11T08:05:35.751Z"}
{"level":"debug","message":"symbol x clicked","timestamp":"2024-04-11T08:05:38.176Z"}
{"level":"debug","message":"sending feedback","timestamp":"2024-04-11T08:05:38.178Z"}
{"level":"debug","message":{"x":2,"y":2},"timestamp":"2024-04-11T08:05:38.182Z"}
{"level":"debug","message":"symbol x clicked","timestamp":"2024-04-11T08:05:41.930Z"}
{"level":"debug","message":"sending feedback","timestamp":"2024-04-11T08:05:41.932Z"}
{"level":"debug","message":"Tie!","timestamp":"2024-04-11T08:05:41.937Z"}
{"level":"debug","message":"user connected","timestamp":"2024-04-11T08:05:46.817Z"}
{"level":"debug","message":"listening on port 8080","timestamp":"2024-04-11T08:06:04.749Z"}
{"level":"debug","message":"user connected","timestamp":"2024-04-11T08:06:04.832Z"}
{"level":"debug","message":"user connected","timestamp":"2024-04-11T08:06:04.853Z"}
{"level":"debug","message":"user connected","timestamp":"2024-04-11T08:06:10.152Z"}
{"level":"debug","message":"initializing false","timestamp":"2024-04-11T08:06:10.214Z"}
{"level":"debug","message":"symbol x clicked","timestamp":"2024-04-11T08:06:11.186Z"}
{"level":"debug","message":"sending feedback","timestamp":"2024-04-11T08:06:11.195Z"}
{"level":"debug","message":{"x":0,"y":0},"timestamp":"2024-04-11T08:06:11.251Z"}
{"level":"debug","message":"symbol x clicked","timestamp":"2024-04-11T08:06:13.738Z"}
{"level":"debug","message":"sending feedback","timestamp":"2024-04-11T08:06:13.739Z"}
{"level":"debug","message":{"x":2,"y":1},"timestamp":"2024-04-11T08:06:13.742Z"}
{"level":"debug","message":"symbol x clicked","timestamp":"2024-04-11T08:06:15.011Z"}
{"level":"debug","message":"sending feedback","timestamp":"2024-04-11T08:06:15.012Z"}
{"level":"debug","message":{"x":1,"y":2},"timestamp":"2024-04-11T08:06:15.014Z"}
{"level":"debug","message":"symbol x clicked","timestamp":"2024-04-11T08:06:16.180Z"}
{"level":"debug","message":"sending feedback","timestamp":"2024-04-11T08:06:16.183Z"}
{"level":"debug","message":{"x":2,"y":0},"timestamp":"2024-04-11T08:06:16.185Z"}
{"level":"debug","message":"symbol x clicked","timestamp":"2024-04-11T08:06:17.871Z"}
{"level":"debug","message":"sending feedback","timestamp":"2024-04-11T08:06:17.873Z"}
{"level":"debug","message":"Tie!","timestamp":"2024-04-11T08:06:17.875Z"}
{"level":"debug","message":"user connected","timestamp":"2024-04-11T08:06:22.517Z"}
{"level":"debug","message":"listening on port 8080","timestamp":"2024-04-11T08:06:37.661Z"}
{"level":"debug","message":"user connected","timestamp":"2024-04-11T08:06:37.733Z"}
{"level":"debug","message":"user connected","timestamp":"2024-04-11T08:06:37.745Z"}
{"level":"debug","message":"user connected","timestamp":"2024-04-11T08:06:45.000Z"}
{"level":"debug","message":"initializing false","timestamp":"2024-04-11T08:06:45.059Z"}
{"level":"debug","message":"symbol x clicked","timestamp":"2024-04-11T08:06:47.530Z"}
{"level":"debug","message":"sending feedback","timestamp":"2024-04-11T08:06:47.532Z"}
{"level":"debug","message":{"x":0,"y":0},"timestamp":"2024-04-11T08:06:47.599Z"}
{"level":"debug","message":"symbol x clicked","timestamp":"2024-04-11T08:06:48.620Z"}
{"level":"debug","message":"sending feedback","timestamp":"2024-04-11T08:06:48.622Z"}
{"level":"debug","message":{"x":2,"y":1},"timestamp":"2024-04-11T08:06:48.625Z"}
{"level":"debug","message":"symbol x clicked","timestamp":"2024-04-11T08:06:50.368Z"}
{"level":"debug","message":"sending feedback","timestamp":"2024-04-11T08:06:50.369Z"}
{"level":"debug","message":{"x":2,"y":0},"timestamp":"2024-04-11T08:06:50.372Z"}
{"level":"debug","message":"symbol x clicked","timestamp":"2024-04-11T08:06:52.823Z"}
{"level":"debug","message":"sending feedback","timestamp":"2024-04-11T08:06:52.826Z"}
{"level":"debug","message":{"x":1,"y":0},"timestamp":"2024-04-11T08:06:52.827Z"}
{"level":"debug","message":"Player two Wins!","timestamp":"2024-04-11T08:06:52.830Z"}
{"level":"debug","message":"user connected","timestamp":"2024-04-11T08:06:57.372Z"}
{"level":"debug","message":"user connected","timestamp":"2024-04-11T08:07:02.713Z"}
{"level":"debug","message":"initializing true","timestamp":"2024-04-11T08:07:02.790Z"}
{"level":"debug","message":"user connected","timestamp":"2024-04-11T08:07:07.234Z"}
{"level":"debug","message":"initializing true","timestamp":"2024-04-11T08:07:07.310Z"}
{"level":"debug","message":"symbol x clicked","timestamp":"2024-04-11T08:07:09.872Z"}
{"level":"debug","message":"sending feedback","timestamp":"2024-04-11T08:07:09.875Z"}
{"level":"debug","message":"symbol x clicked","timestamp":"2024-04-11T08:07:11.349Z"}
{"level":"debug","message":"symbol x clicked","timestamp":"2024-04-11T08:07:12.525Z"}
{"level":"debug","message":"symbol x clicked","timestamp":"2024-04-11T08:07:13.612Z"}
{"level":"debug","message":"symbol o clicked","timestamp":"2024-04-11T08:07:19.244Z"}
{"level":"debug","message":"sending feedback","timestamp":"2024-04-11T08:07:19.245Z"}
{"level":"debug","message":"symbol x clicked","timestamp":"2024-04-11T08:07:21.458Z"}
{"level":"debug","message":"sending feedback","timestamp":"2024-04-11T08:07:21.461Z"}
{"level":"debug","message":"symbol o clicked","timestamp":"2024-04-11T08:07:26.120Z"}
{"level":"debug","message":"sending feedback","timestamp":"2024-04-11T08:07:26.122Z"}
{"level":"debug","message":"symbol x clicked","timestamp":"2024-04-11T08:07:29.113Z"}
{"level":"debug","message":"sending feedback","timestamp":"2024-04-11T08:07:29.115Z"}
{"level":"debug","message":"symbol o clicked","timestamp":"2024-04-11T08:07:31.288Z"}
{"level":"debug","message":"sending feedback","timestamp":"2024-04-11T08:07:31.291Z"}
{"level":"debug","message":"Player two Wins!","timestamp":"2024-04-11T08:07:31.295Z"}
{"level":"debug","message":"user connected","timestamp":"2024-04-11T08:07:35.640Z"}
{"level":"debug","message":"user connected","timestamp":"2024-04-11T08:07:48.886Z"}
{"level":"debug","message":"initializing true","timestamp":"2024-04-11T08:07:48.944Z"}
{"level":"debug","message":"user connected","timestamp":"2024-04-11T08:07:54.085Z"}
{"level":"debug","message":"user connected","timestamp":"2024-04-11T08:08:56.324Z"}
{"level":"debug","message":"initializing true","timestamp":"2024-04-11T08:08:56.400Z"}
{"level":"debug","message":"user connected","timestamp":"2024-04-11T08:08:58.903Z"}
{"level":"debug","message":"initializing true","timestamp":"2024-04-11T08:08:58.972Z"}
{"level":"debug","message":"symbol x clicked","timestamp":"2024-04-11T08:09:01.229Z"}
{"level":"debug","message":"sending feedback","timestamp":"2024-04-11T08:09:01.230Z"}
{"level":"debug","message":"listening on port 8080","timestamp":"2024-04-11T08:09:13.175Z"}
{"level":"debug","message":"user connected","timestamp":"2024-04-11T08:09:18.259Z"}
{"level":"debug","message":"user connected","timestamp":"2024-04-11T08:09:20.791Z"}
{"level":"debug","message":"initializing false","timestamp":"2024-04-11T08:09:20.830Z"}
{"level":"debug","message":"symbol x clicked","timestamp":"2024-04-11T08:09:22.819Z"}
{"level":"debug","message":"sending feedback","timestamp":"2024-04-11T08:09:22.821Z"}
{"level":"debug","message":{"x":0,"y":0},"timestamp":"2024-04-11T08:09:22.920Z"}
{"level":"debug","message":"symbol x clicked","timestamp":"2024-04-11T08:09:23.587Z"}
{"level":"debug","message":"sending feedback","timestamp":"2024-04-11T08:09:23.587Z"}
{"level":"debug","message":{"x":2,"y":1},"timestamp":"2024-04-11T08:09:23.592Z"}
{"level":"debug","message":"symbol x clicked","timestamp":"2024-04-11T08:09:24.592Z"}
{"level":"debug","message":"sending feedback","timestamp":"2024-04-11T08:09:24.593Z"}
{"level":"debug","message":{"x":1,"y":2},"timestamp":"2024-04-11T08:09:24.596Z"}
{"level":"debug","message":"symbol x clicked","timestamp":"2024-04-11T08:09:25.577Z"}
{"level":"debug","message":"sending feedback","timestamp":"2024-04-11T08:09:25.579Z"}
{"level":"debug","message":{"x":2,"y":0},"timestamp":"2024-04-11T08:09:25.582Z"}
{"level":"debug","message":"symbol x clicked","timestamp":"2024-04-11T08:09:26.502Z"}
{"level":"debug","message":"sending feedback","timestamp":"2024-04-11T08:09:26.503Z"}
{"level":"debug","message":"Tie!","timestamp":"2024-04-11T08:09:26.506Z"}
{"level":"debug","message":"user connected","timestamp":"2024-04-11T08:09:30.726Z"}
{"level":"debug","message":"user connected","timestamp":"2024-04-11T08:09:30.890Z"}
{"level":"debug","message":"user connected","timestamp":"2024-04-11T08:09:33.894Z"}
{"level":"debug","message":"initializing true","timestamp":"2024-04-11T08:09:33.946Z"}
{"level":"debug","message":"user connected","timestamp":"2024-04-11T08:09:42.181Z"}
{"level":"debug","message":"initializing true","timestamp":"2024-04-11T08:09:42.244Z"}
{"level":"debug","message":"symbol x clicked","timestamp":"2024-04-11T08:09:45.034Z"}
{"level":"debug","message":"sending feedback","timestamp":"2024-04-11T08:09:45.035Z"}
{"level":"debug","message":"symbol o clicked","timestamp":"2024-04-11T08:09:48.885Z"}
{"level":"debug","message":"sending feedback","timestamp":"2024-04-11T08:09:48.886Z"}
{"level":"debug","message":"symbol x clicked","timestamp":"2024-04-11T08:09:52.647Z"}
{"level":"debug","message":"sending feedback","timestamp":"2024-04-11T08:09:52.648Z"}
{"level":"debug","message":"symbol o clicked","timestamp":"2024-04-11T08:09:55.031Z"}
{"level":"debug","message":"sending feedback","timestamp":"2024-04-11T08:09:55.032Z"}
{"level":"debug","message":"symbol x clicked","timestamp":"2024-04-11T08:09:57.527Z"}
{"level":"debug","message":"sending feedback","timestamp":"2024-04-11T08:09:57.528Z"}
{"level":"debug","message":"Player one wins!","timestamp":"2024-04-11T08:09:57.530Z"}
{"level":"debug","message":"user connected","timestamp":"2024-04-11T08:10:01.950Z"}
{"level":"debug","message":"user connected","timestamp":"2024-04-11T08:10:09.566Z"}
{"level":"debug","message":"listening on port 8080","timestamp":"2024-04-11T08:10:21.654Z"}
{"level":"debug","message":"user connected","timestamp":"2024-04-11T08:10:21.769Z"}
{"level":"debug","message":"user connected","timestamp":"2024-04-11T08:10:21.785Z"}
{"level":"debug","message":"user connected","timestamp":"2024-04-11T08:10:27.206Z"}
{"level":"debug","message":"initializing true","timestamp":"2024-04-11T08:10:27.268Z"}
{"level":"debug","message":"user connected","timestamp":"2024-04-11T08:10:31.072Z"}
{"level":"debug","message":"initializing true","timestamp":"2024-04-11T08:10:31.133Z"}
{"level":"debug","message":"symbol x clicked","timestamp":"2024-04-11T08:10:34.772Z"}
{"level":"debug","message":"sending feedback","timestamp":"2024-04-11T08:10:34.776Z"}
{"level":"debug","message":"symbol o clicked","timestamp":"2024-04-11T08:10:38.010Z"}
{"level":"debug","message":"sending feedback","timestamp":"2024-04-11T08:10:38.012Z"}
{"level":"debug","message":"symbol x clicked","timestamp":"2024-04-11T08:10:41.694Z"}
{"level":"debug","message":"sending feedback","timestamp":"2024-04-11T08:10:41.696Z"}
{"level":"debug","message":"symbol o clicked","timestamp":"2024-04-11T08:10:44.639Z"}
{"level":"debug","message":"sending feedback","timestamp":"2024-04-11T08:10:44.640Z"}
{"level":"debug","message":"symbol x clicked","timestamp":"2024-04-11T08:10:46.990Z"}
{"level":"debug","message":"sending feedback","timestamp":"2024-04-11T08:10:46.990Z"}
{"level":"debug","message":"Player one wins!","timestamp":"2024-04-11T08:10:46.992Z"}
{"level":"debug","message":"user connected","timestamp":"2024-04-11T08:10:51.360Z"}
{"level":"debug","message":"listening on port 8080","timestamp":"2024-04-11T08:11:31.931Z"}
{"level":"debug","message":"user connected","timestamp":"2024-04-11T08:11:32.142Z"}
{"level":"debug","message":"initializing true","timestamp":"2024-04-11T08:11:32.166Z"}
{"level":"debug","message":"user connected","timestamp":"2024-04-11T08:11:32.197Z"}
{"level":"debug","message":"user connected","timestamp":"2024-04-11T08:11:40.729Z"}
{"level":"debug","message":"initializing true","timestamp":"2024-04-11T08:11:40.835Z"}
{"level":"debug","message":"symbol x clicked","timestamp":"2024-04-11T08:11:44.201Z"}
{"level":"debug","message":"sending feedback","timestamp":"2024-04-11T08:11:44.203Z"}
{"level":"debug","message":"symbol o clicked","timestamp":"2024-04-11T08:11:46.974Z"}
{"level":"debug","message":"sending feedback","timestamp":"2024-04-11T08:11:46.976Z"}
{"level":"debug","message":"symbol x clicked","timestamp":"2024-04-11T08:11:49.757Z"}
{"level":"debug","message":"sending feedback","timestamp":"2024-04-11T08:11:49.758Z"}
{"level":"debug","message":"symbol o clicked","timestamp":"2024-04-11T08:11:52.232Z"}
{"level":"debug","message":"sending feedback","timestamp":"2024-04-11T08:11:52.235Z"}
{"level":"debug","message":"symbol x clicked","timestamp":"2024-04-11T08:11:55.382Z"}
{"level":"debug","message":"sending feedback","timestamp":"2024-04-11T08:11:55.386Z"}
{"level":"debug","message":"symbol o clicked","timestamp":"2024-04-11T08:11:57.958Z"}
{"level":"debug","message":"sending feedback","timestamp":"2024-04-11T08:11:57.959Z"}
{"level":"debug","message":"Player two Wins!","timestamp":"2024-04-11T08:11:57.961Z"}
{"level":"debug","message":"user connected","timestamp":"2024-04-11T08:12:02.392Z"}
{"level":"debug","message":"user connected","timestamp":"2024-04-11T08:12:17.333Z"}
{"level":"debug","message":"user connected","timestamp":"2024-04-11T08:12:21.199Z"}
{"level":"debug","message":"initializing false","timestamp":"2024-04-11T08:12:21.268Z"}
{"level":"debug","message":"symbol x clicked","timestamp":"2024-04-11T08:12:22.980Z"}
{"level":"debug","message":"sending feedback","timestamp":"2024-04-11T08:12:22.981Z"}
{"level":"debug","message":{"x":0,"y":0},"timestamp":"2024-04-11T08:12:23.031Z"}
{"level":"debug","message":"symbol x clicked","timestamp":"2024-04-11T08:12:23.997Z"}
{"level":"debug","message":"sending feedback","timestamp":"2024-04-11T08:12:23.998Z"}
{"level":"debug","message":{"x":2,"y":1},"timestamp":"2024-04-11T08:12:24.000Z"}
{"level":"debug","message":"symbol x clicked","timestamp":"2024-04-11T08:12:24.897Z"}
{"level":"debug","message":"sending feedback","timestamp":"2024-04-11T08:12:24.898Z"}
{"level":"debug","message":{"x":2,"y":0},"timestamp":"2024-04-11T08:12:24.901Z"}
{"level":"debug","message":"symbol x clicked","timestamp":"2024-04-11T08:12:25.941Z"}
{"level":"debug","message":"sending feedback","timestamp":"2024-04-11T08:12:25.944Z"}
{"level":"debug","message":"Player one wins!","timestamp":"2024-04-11T08:12:25.949Z"}
{"level":"debug","message":"user connected","timestamp":"2024-04-11T08:12:30.660Z"}
{"level":"debug","message":"user connected","timestamp":"2024-04-11T08:12:32.165Z"}
{"level":"debug","message":"initializing true","timestamp":"2024-04-11T08:12:32.226Z"}
{"level":"debug","message":"symbol x clicked","timestamp":"2024-04-11T08:12:33.250Z"}
{"level":"debug","message":"sending feedback","timestamp":"2024-04-11T08:12:33.252Z"}
{"level":"debug","message":"user connected","timestamp":"2024-04-11T08:12:36.334Z"}
{"level":"debug","message":"initializing true","timestamp":"2024-04-11T08:12:36.394Z"}
{"level":"debug","message":"symbol o clicked","timestamp":"2024-04-11T08:12:37.379Z"}
{"level":"debug","message":"sending feedback","timestamp":"2024-04-11T08:12:37.381Z"}
{"level":"debug","message":"symbol x clicked","timestamp":"2024-04-11T08:12:39.907Z"}
{"level":"debug","message":"sending feedback","timestamp":"2024-04-11T08:12:39.908Z"}
{"level":"debug","message":"symbol o clicked","timestamp":"2024-04-11T08:12:44.106Z"}
{"level":"debug","message":"sending feedback","timestamp":"2024-04-11T08:12:44.107Z"}
{"level":"debug","message":"symbol x clicked","timestamp":"2024-04-11T08:12:47.571Z"}
{"level":"debug","message":"sending feedback","timestamp":"2024-04-11T08:12:47.573Z"}
{"level":"debug","message":"symbol o clicked","timestamp":"2024-04-11T08:12:50.369Z"}
{"level":"debug","message":"sending feedback","timestamp":"2024-04-11T08:12:50.372Z"}
{"level":"debug","message":"symbol x clicked","timestamp":"2024-04-11T08:12:53.209Z"}
{"level":"debug","message":"sending feedback","timestamp":"2024-04-11T08:12:53.210Z"}
{"level":"debug","message":"Player one wins!","timestamp":"2024-04-11T08:12:53.214Z"}
{"level":"debug","message":"user connected","timestamp":"2024-04-11T08:12:57.600Z"}
{"level":"debug","message":"symbol x clicked","timestamp":"2024-04-11T08:13:01.337Z"}
{"level":"debug","message":"sending feedback","timestamp":"2024-04-11T08:13:01.338Z"}
{"level":"debug","message":"listening on port 8080","timestamp":"2024-04-11T08:14:08.074Z"}
{"level":"debug","message":"user connected","timestamp":"2024-04-11T08:14:08.348Z"}
{"level":"debug","message":"initializing true","timestamp":"2024-04-11T08:14:08.383Z"}
{"level":"debug","message":"user connected","timestamp":"2024-04-11T08:14:09.709Z"}
{"level":"debug","message":"user connected","timestamp":"2024-04-11T08:14:20.668Z"}
{"level":"debug","message":"user connected","timestamp":"2024-04-11T08:14:22.776Z"}
{"level":"debug","message":"initializing true","timestamp":"2024-04-11T08:14:22.832Z"}
{"level":"debug","message":"symbol o clicked","timestamp":"2024-04-11T08:14:24.213Z"}
{"level":"debug","message":"sending feedback","timestamp":"2024-04-11T08:14:24.215Z"}
{"level":"debug","message":"user connected","timestamp":"2024-04-11T08:14:28.299Z"}
{"level":"debug","message":"initializing true","timestamp":"2024-04-11T08:14:28.360Z"}
{"level":"debug","message":"symbol x clicked","timestamp":"2024-04-11T08:14:33.024Z"}
{"level":"debug","message":"sending feedback","timestamp":"2024-04-11T08:14:33.032Z"}
{"level":"debug","message":"symbol o clicked","timestamp":"2024-04-11T08:14:35.727Z"}
{"level":"debug","message":"sending feedback","timestamp":"2024-04-11T08:14:35.728Z"}
{"level":"debug","message":"symbol x clicked","timestamp":"2024-04-11T08:14:37.980Z"}
{"level":"debug","message":"sending feedback","timestamp":"2024-04-11T08:14:37.982Z"}
{"level":"debug","message":"symbol o clicked","timestamp":"2024-04-11T08:14:40.883Z"}
{"level":"debug","message":"sending feedback","timestamp":"2024-04-11T08:14:40.884Z"}
{"level":"debug","message":"symbol x clicked","timestamp":"2024-04-11T08:14:49.407Z"}
{"level":"debug","message":"sending feedback","timestamp":"2024-04-11T08:14:49.408Z"}
{"level":"debug","message":"Player one wins!","timestamp":"2024-04-11T08:14:49.409Z"}
{"level":"debug","message":"user connected","timestamp":"2024-04-11T08:14:53.940Z"}
{"level":"debug","message":"user connected","timestamp":"2024-04-11T08:14:53.966Z"}
{"level":"debug","message":"user connected","timestamp":"2024-04-11T08:14:58.496Z"}
{"level":"debug","message":"initializing true","timestamp":"2024-04-11T08:14:58.553Z"}
{"level":"debug","message":"user connected","timestamp":"2024-04-11T08:15:01.563Z"}
{"level":"debug","message":"initializing true","timestamp":"2024-04-11T08:15:01.623Z"}
{"level":"debug","message":"symbol o clicked","timestamp":"2024-04-11T08:15:02.607Z"}
{"level":"debug","message":"sending feedback","timestamp":"2024-04-11T08:15:02.608Z"}
{"level":"debug","message":"symbol x clicked","timestamp":"2024-04-11T08:15:05.104Z"}
{"level":"debug","message":"sending feedback","timestamp":"2024-04-11T08:15:05.106Z"}
{"level":"debug","message":"symbol o clicked","timestamp":"2024-04-11T08:15:08.416Z"}
{"level":"debug","message":"sending feedback","timestamp":"2024-04-11T08:15:08.417Z"}
{"level":"debug","message":"symbol x clicked","timestamp":"2024-04-11T08:15:11.786Z"}
{"level":"debug","message":"sending feedback","timestamp":"2024-04-11T08:15:11.787Z"}
{"level":"debug","message":"symbol o clicked","timestamp":"2024-04-11T08:15:14.788Z"}
{"level":"debug","message":"sending feedback","timestamp":"2024-04-11T08:15:14.798Z"}
{"level":"debug","message":"symbol x clicked","timestamp":"2024-04-11T08:15:18.864Z"}
{"level":"debug","message":"sending feedback","timestamp":"2024-04-11T08:15:18.865Z"}
{"level":"debug","message":"symbol o clicked","timestamp":"2024-04-11T08:15:21.722Z"}
{"level":"debug","message":"sending feedback","timestamp":"2024-04-11T08:15:21.723Z"}
{"level":"debug","message":"Player two Wins!","timestamp":"2024-04-11T08:15:21.725Z"}
{"level":"debug","message":"user connected","timestamp":"2024-04-11T08:15:26.216Z"}
{"level":"debug","message":"user connected","timestamp":"2024-04-11T08:15:26.305Z"}
